<?xml version="1.0" encoding="UTF-8"?>
<!-- Generated by org.testng.reporters.JUnitXMLReporter -->
<testsuite ignored="0" hostname="IL-MF10-NA102OH" failures="0" tests="3" name="Default test" time="160.343" errors="0" timestamp="2019-09-17T12:33:09 IST">
  <testcase classname="com.crm.qa.testcases.LoginPageTest" name="loginPageTitleTest" time="0.05"/>
  <testcase classname="com.crm.qa.testcases.LoginPageTest" name="crmLogoImageTest" time="0.276"/>
  <testcase classname="com.crm.qa.testcases.LoginPageTest" name="loginTest" time="24.703"/>
</testsuite> <!-- Default test -->
