<?xml version="1.0" encoding="UTF-8"?>
<!-- Generated by org.testng.reporters.JUnitXMLReporter -->
<testsuite hostname="IL-MF10-NA102OH" ignored="0" name="Test" tests="5" failures="0" timestamp="11 May 2019 10:09:01 GMT" time="111.988" errors="0">
  <testcase name="TC01" time="18.742" classname="script.DAY01"/>
  <testcase name="TC02" time="21.462" classname="script.DAY02"/>
  <testcase name="TC03" time="25.444" classname="script.DAY03"/>
  <testcase name="TC04" time="18.238" classname="script.DAY04"/>
  <testcase name="TC05" time="28.039" classname="script.DAY05"/>
</testsuite> <!-- Test -->
