<?xml version="1.0" encoding="UTF-8"?>
<testng-results ignored="0" total="3" passed="3" failed="0" skipped="0">
  <reporter-output>
  </reporter-output>
  <suite started-at="2019-09-17T12:30:29 IST" name="Default suite" finished-at="2019-09-17T12:33:09 IST" duration-ms="160343">
    <groups>
    </groups>
    <test started-at="2019-09-17T12:30:29 IST" name="Default test" finished-at="2019-09-17T12:33:09 IST" duration-ms="160343">
      <class name="com.crm.qa.testcases.LoginPageTest">
        <test-method is-config="true" signature="setUp()[pri:0, instance:com.crm.qa.testcases.LoginPageTest@757acd7b]" started-at="2019-09-17T12:30:29 IST" name="setUp" finished-at="2019-09-17T12:31:34 IST" duration-ms="65582" status="PASS">
          <reporter-output>
          </reporter-output>
        </test-method> <!-- setUp -->
        <test-method signature="loginPageTitleTest()[pri:1, instance:com.crm.qa.testcases.LoginPageTest@757acd7b]" started-at="2019-09-17T12:31:34 IST" name="loginPageTitleTest" finished-at="2019-09-17T12:31:35 IST" duration-ms="50" status="PASS">
          <reporter-output>
          </reporter-output>
        </test-method> <!-- loginPageTitleTest -->
        <test-method is-config="true" signature="tearDown()[pri:0, instance:com.crm.qa.testcases.LoginPageTest@757acd7b]" started-at="2019-09-17T12:31:35 IST" name="tearDown" finished-at="2019-09-17T12:31:35 IST" duration-ms="781" status="PASS">
          <reporter-output>
          </reporter-output>
        </test-method> <!-- tearDown -->
        <test-method is-config="true" signature="setUp()[pri:0, instance:com.crm.qa.testcases.LoginPageTest@757acd7b]" started-at="2019-09-17T12:31:35 IST" name="setUp" finished-at="2019-09-17T12:32:11 IST" duration-ms="35147" status="PASS">
          <reporter-output>
          </reporter-output>
        </test-method> <!-- setUp -->
        <test-method signature="crmLogoImageTest()[pri:2, instance:com.crm.qa.testcases.LoginPageTest@757acd7b]" started-at="2019-09-17T12:32:11 IST" name="crmLogoImageTest" finished-at="2019-09-17T12:32:11 IST" duration-ms="276" status="PASS">
          <reporter-output>
          </reporter-output>
        </test-method> <!-- crmLogoImageTest -->
        <test-method is-config="true" signature="tearDown()[pri:0, instance:com.crm.qa.testcases.LoginPageTest@757acd7b]" started-at="2019-09-17T12:32:11 IST" name="tearDown" finished-at="2019-09-17T12:32:12 IST" duration-ms="768" status="PASS">
          <reporter-output>
          </reporter-output>
        </test-method> <!-- tearDown -->
        <test-method is-config="true" signature="setUp()[pri:0, instance:com.crm.qa.testcases.LoginPageTest@757acd7b]" started-at="2019-09-17T12:32:12 IST" name="setUp" finished-at="2019-09-17T12:32:44 IST" duration-ms="32165" status="PASS">
          <reporter-output>
          </reporter-output>
        </test-method> <!-- setUp -->
        <test-method signature="loginTest()[pri:3, instance:com.crm.qa.testcases.LoginPageTest@757acd7b]" started-at="2019-09-17T12:32:44 IST" name="loginTest" finished-at="2019-09-17T12:33:08 IST" duration-ms="24703" status="PASS">
          <reporter-output>
          </reporter-output>
        </test-method> <!-- loginTest -->
        <test-method is-config="true" signature="tearDown()[pri:0, instance:com.crm.qa.testcases.LoginPageTest@757acd7b]" started-at="2019-09-17T12:33:08 IST" name="tearDown" finished-at="2019-09-17T12:33:09 IST" duration-ms="763" status="PASS">
          <reporter-output>
          </reporter-output>
        </test-method> <!-- tearDown -->
      </class> <!-- com.crm.qa.testcases.LoginPageTest -->
    </test> <!-- Default test -->
  </suite> <!-- Default suite -->
</testng-results>
