<?xml version="1.0" encoding="UTF-8"?>
<!-- Generated by org.testng.reporters.JUnitXMLReporter -->
<testsuite ignored="0" hostname="IL-MF10-NA102OH" failures="0" tests="12" name="Free CRM Test Cases" time="519.499" errors="0" timestamp="2019-09-16T16:24:07 IST">
  <testcase classname="com.crm.qa.testcases.LoginPageTest" name="loginPageTitleTest" time="0.085"/>
  <testcase classname="com.crm.qa.testcases.LoginPageTest" name="crmLogoImageTest" time="0.168"/>
  <testcase classname="com.crm.qa.testcases.LoginPageTest" name="loginTest" time="24.73"/>
  <testcase classname="com.crm.qa.testcases.HomePageTest" name="verifyTitle" time="0.019"/>
  <testcase classname="com.crm.qa.testcases.HomePageTest" name="verifyUser" time="0.162"/>
  <testcase classname="com.crm.qa.testcases.HomePageTest" name="verifyContactLinkTest" time="22.75"/>
  <testcase classname="com.crm.qa.testcases.HomePageTest" name="verifyDealLinkTest" time="3.736"/>
  <testcase classname="com.crm.qa.testcases.HomePageTest" name="verifyTaskLinkTest" time="2.072"/>
  <testcase classname="com.crm.qa.testcases.ContactsPageTest" name="verifyContactsLabel" time="0.056"/>
  <testcase classname="com.crm.qa.testcases.ContactsPageTest" name="validateCreateNewContact" time="3.622"/>
  <testcase classname="com.crm.qa.testcases.ContactsPageTest" name="validateCreateNewContact" time="3.615"/>
  <testcase classname="com.crm.qa.testcases.ContactsPageTest" name="validateCreateNewContact" time="2.962"/>
</testsuite> <!-- Free CRM Test Cases -->
